CRITICAL - 2023-01-27 07:19:32 --> You must set the database table to be used with your query.
in SYSTEMPATH\Database\BaseConnection.php on line 882.
 1 SYSTEMPATH\Model.php(641): CodeIgniter\Database\BaseConnection->table(null)
 2 SYSTEMPATH\Model.php(831): CodeIgniter\Model->builder()
 3 APPPATH\Controllers\User.php(64): CodeIgniter\Model->__call('deteledata', [...])
 4 SYSTEMPATH\CodeIgniter.php(934): App\Controllers\User->deletedata('3')
 5 SYSTEMPATH\CodeIgniter.php(499): CodeIgniter\CodeIgniter->runController(Object(App\Controllers\User))
 6 SYSTEMPATH\CodeIgniter.php(368): CodeIgniter\CodeIgniter->handleRequest(null, Object(Config\Cache), false)
 7 FCPATH\index.php(67): CodeIgniter\CodeIgniter->run()
INFO - 2023-01-27 07:19:38 --> Session: Class initialized using 'CodeIgniter\Session\Handlers\FileHandler' driver.
INFO - 2023-01-27 07:19:41 --> Session: Class initialized using 'CodeIgniter\Session\Handlers\FileHandler' driver.
CRITICAL - 2023-01-27 07:19:47 --> You must set the database table to be used with your query.
in SYSTEMPATH\Database\BaseConnection.php on line 882.
 1 SYSTEMPATH\Model.php(641): CodeIgniter\Database\BaseConnection->table(null)
 2 SYSTEMPATH\Model.php(831): CodeIgniter\Model->builder()
 3 APPPATH\Controllers\User.php(64): CodeIgniter\Model->__call('deteledata', [...])
 4 SYSTEMPATH\CodeIgniter.php(934): App\Controllers\User->deletedata('4')
 5 SYSTEMPATH\CodeIgniter.php(499): CodeIgniter\CodeIgniter->runController(Object(App\Controllers\User))
 6 SYSTEMPATH\CodeIgniter.php(368): CodeIgniter\CodeIgniter->handleRequest(null, Object(Config\Cache), false)
 7 FCPATH\index.php(67): CodeIgniter\CodeIgniter->run()
INFO - 2023-01-27 07:21:36 --> Session: Class initialized using 'CodeIgniter\Session\Handlers\FileHandler' driver.
INFO - 2023-01-27 07:21:36 --> Session: Class initialized using 'CodeIgniter\Session\Handlers\FileHandler' driver.
ERROR - 2023-01-27 08:19:37 --> mysqli_sql_exception: Unknown column 'produk.id_kategori' in 'on clause' in C:\xampp\htdocs\kasir-ci4\system\Database\MySQLi\Connection.php:295
Stack trace:
#0 C:\xampp\htdocs\kasir-ci4\system\Database\MySQLi\Connection.php(295): mysqli->query('SELECT *\nFROM `...', 0)
#1 C:\xampp\htdocs\kasir-ci4\system\Database\BaseConnection.php(691): CodeIgniter\Database\MySQLi\Connection->execute('SELECT *\nFROM `...')
#2 C:\xampp\htdocs\kasir-ci4\system\Database\BaseConnection.php(605): CodeIgniter\Database\BaseConnection->simpleQuery('SELECT *\nFROM `...')
#3 C:\xampp\htdocs\kasir-ci4\system\Database\BaseBuilder.php(1602): CodeIgniter\Database\BaseConnection->query('SELECT *\nFROM `...', Array, false)
#4 C:\xampp\htdocs\kasir-ci4\app\Models\Modelproduk.php(14): CodeIgniter\Database\BaseBuilder->get()
#5 C:\xampp\htdocs\kasir-ci4\app\Controllers\Produk.php(23): App\Models\Modelproduk->alldata()
#6 C:\xampp\htdocs\kasir-ci4\system\CodeIgniter.php(934): App\Controllers\Produk->index()
#7 C:\xampp\htdocs\kasir-ci4\system\CodeIgniter.php(499): CodeIgniter\CodeIgniter->runController(Object(App\Controllers\Produk))
#8 C:\xampp\htdocs\kasir-ci4\system\CodeIgniter.php(368): CodeIgniter\CodeIgniter->handleRequest(NULL, Object(Config\Cache), false)
#9 C:\xampp\htdocs\kasir-ci4\public\index.php(67): CodeIgniter\CodeIgniter->run()
#10 {main}
CRITICAL - 2023-01-27 08:19:37 --> Unknown column 'produk.id_kategori' in 'on clause'
in SYSTEMPATH\Database\BaseConnection.php on line 645.
 1 SYSTEMPATH\Database\BaseBuilder.php(1602): CodeIgniter\Database\BaseConnection->query('SELECT *
FROM `tb_produk`
JOIN `tb_kategori` ON `tb_kategori`.`id_kategori`=`produk`.`id_kategori`
JOIN `tb_satuan` ON `tb_satuan`.`id_satuan`=`tb_produk`.`id_satuan`', [], false)
 2 APPPATH\Models\Modelproduk.php(14): CodeIgniter\Database\BaseBuilder->get()
 3 APPPATH\Controllers\Produk.php(23): App\Models\Modelproduk->alldata()
 4 SYSTEMPATH\CodeIgniter.php(934): App\Controllers\Produk->index()
 5 SYSTEMPATH\CodeIgniter.php(499): CodeIgniter\CodeIgniter->runController(Object(App\Controllers\Produk))
 6 SYSTEMPATH\CodeIgniter.php(368): CodeIgniter\CodeIgniter->handleRequest(null, Object(Config\Cache), false)
 7 FCPATH\index.php(67): CodeIgniter\CodeIgniter->run()
ERROR - 2023-01-27 08:21:02 --> mysqli_sql_exception: Unknown column 'produk.id_kategori' in 'on clause' in C:\xampp\htdocs\kasir-ci4\system\Database\MySQLi\Connection.php:295
Stack trace:
#0 C:\xampp\htdocs\kasir-ci4\system\Database\MySQLi\Connection.php(295): mysqli->query('SELECT *\nFROM `...', 0)
#1 C:\xampp\htdocs\kasir-ci4\system\Database\BaseConnection.php(691): CodeIgniter\Database\MySQLi\Connection->execute('SELECT *\nFROM `...')
#2 C:\xampp\htdocs\kasir-ci4\system\Database\BaseConnection.php(605): CodeIgniter\Database\BaseConnection->simpleQuery('SELECT *\nFROM `...')
#3 C:\xampp\htdocs\kasir-ci4\system\Database\BaseBuilder.php(1602): CodeIgniter\Database\BaseConnection->query('SELECT *\nFROM `...', Array, false)
#4 C:\xampp\htdocs\kasir-ci4\app\Models\Modelproduk.php(14): CodeIgniter\Database\BaseBuilder->get()
#5 C:\xampp\htdocs\kasir-ci4\app\Controllers\Produk.php(24): App\Models\Modelproduk->alldata()
#6 C:\xampp\htdocs\kasir-ci4\system\CodeIgniter.php(934): App\Controllers\Produk->index()
#7 C:\xampp\htdocs\kasir-ci4\system\CodeIgniter.php(499): CodeIgniter\CodeIgniter->runController(Object(App\Controllers\Produk))
#8 C:\xampp\htdocs\kasir-ci4\system\CodeIgniter.php(368): CodeIgniter\CodeIgniter->handleRequest(NULL, Object(Config\Cache), false)
#9 C:\xampp\htdocs\kasir-ci4\public\index.php(67): CodeIgniter\CodeIgniter->run()
#10 {main}
CRITICAL - 2023-01-27 08:21:02 --> Unknown column 'produk.id_kategori' in 'on clause'
in SYSTEMPATH\Database\BaseConnection.php on line 645.
 1 SYSTEMPATH\Database\BaseBuilder.php(1602): CodeIgniter\Database\BaseConnection->query('SELECT *
FROM `tb_produk`
JOIN `tb_kategori` ON `tb_kategori`.`id_kategori`=`produk`.`id_kategori`
JOIN `tb_satuan` ON `tb_satuan`.`id_satuan`=`tb_produk`.`id_satuan`', [], false)
 2 APPPATH\Models\Modelproduk.php(14): CodeIgniter\Database\BaseBuilder->get()
 3 APPPATH\Controllers\Produk.php(24): App\Models\Modelproduk->alldata()
 4 SYSTEMPATH\CodeIgniter.php(934): App\Controllers\Produk->index()
 5 SYSTEMPATH\CodeIgniter.php(499): CodeIgniter\CodeIgniter->runController(Object(App\Controllers\Produk))
 6 SYSTEMPATH\CodeIgniter.php(368): CodeIgniter\CodeIgniter->handleRequest(null, Object(Config\Cache), false)
 7 FCPATH\index.php(67): CodeIgniter\CodeIgniter->run()
ERROR - 2023-01-27 08:25:45 --> mysqli_sql_exception: Unknown column 'produk.id_kategori' in 'on clause' in C:\xampp\htdocs\kasir-ci4\system\Database\MySQLi\Connection.php:295
Stack trace:
#0 C:\xampp\htdocs\kasir-ci4\system\Database\MySQLi\Connection.php(295): mysqli->query('SELECT *\nFROM `...', 0)
#1 C:\xampp\htdocs\kasir-ci4\system\Database\BaseConnection.php(691): CodeIgniter\Database\MySQLi\Connection->execute('SELECT *\nFROM `...')
#2 C:\xampp\htdocs\kasir-ci4\system\Database\BaseConnection.php(605): CodeIgniter\Database\BaseConnection->simpleQuery('SELECT *\nFROM `...')
#3 C:\xampp\htdocs\kasir-ci4\system\Database\BaseBuilder.php(1602): CodeIgniter\Database\BaseConnection->query('SELECT *\nFROM `...', Array, false)
#4 C:\xampp\htdocs\kasir-ci4\app\Models\Modelproduk.php(14): CodeIgniter\Database\BaseBuilder->get()
#5 C:\xampp\htdocs\kasir-ci4\app\Controllers\Produk.php(24): App\Models\Modelproduk->AllData()
#6 C:\xampp\htdocs\kasir-ci4\system\CodeIgniter.php(934): App\Controllers\Produk->index()
#7 C:\xampp\htdocs\kasir-ci4\system\CodeIgniter.php(499): CodeIgniter\CodeIgniter->runController(Object(App\Controllers\Produk))
#8 C:\xampp\htdocs\kasir-ci4\system\CodeIgniter.php(368): CodeIgniter\CodeIgniter->handleRequest(NULL, Object(Config\Cache), false)
#9 C:\xampp\htdocs\kasir-ci4\public\index.php(67): CodeIgniter\CodeIgniter->run()
#10 {main}
CRITICAL - 2023-01-27 08:25:45 --> Unknown column 'produk.id_kategori' in 'on clause'
in SYSTEMPATH\Database\BaseConnection.php on line 645.
 1 SYSTEMPATH\Database\BaseBuilder.php(1602): CodeIgniter\Database\BaseConnection->query('SELECT *
FROM `tb_produk`
JOIN `tb_kategori` ON `tb_kategori`.`id_kategori`=`produk`.`id_kategori`
JOIN `tb_satuan` ON `tb_satuan`.`id_satuan`=`tb_produk`.`id_satuan`', [], false)
 2 APPPATH\Models\Modelproduk.php(14): CodeIgniter\Database\BaseBuilder->get()
 3 APPPATH\Controllers\Produk.php(24): App\Models\Modelproduk->AllData()
 4 SYSTEMPATH\CodeIgniter.php(934): App\Controllers\Produk->index()
 5 SYSTEMPATH\CodeIgniter.php(499): CodeIgniter\CodeIgniter->runController(Object(App\Controllers\Produk))
 6 SYSTEMPATH\CodeIgniter.php(368): CodeIgniter\CodeIgniter->handleRequest(null, Object(Config\Cache), false)
 7 FCPATH\index.php(67): CodeIgniter\CodeIgniter->run()
ERROR - 2023-01-27 08:25:51 --> mysqli_sql_exception: Unknown column 'produk.id_kategori' in 'on clause' in C:\xampp\htdocs\kasir-ci4\system\Database\MySQLi\Connection.php:295
Stack trace:
#0 C:\xampp\htdocs\kasir-ci4\system\Database\MySQLi\Connection.php(295): mysqli->query('SELECT *\nFROM `...', 0)
#1 C:\xampp\htdocs\kasir-ci4\system\Database\BaseConnection.php(691): CodeIgniter\Database\MySQLi\Connection->execute('SELECT *\nFROM `...')
#2 C:\xampp\htdocs\kasir-ci4\system\Database\BaseConnection.php(605): CodeIgniter\Database\BaseConnection->simpleQuery('SELECT *\nFROM `...')
#3 C:\xampp\htdocs\kasir-ci4\system\Database\BaseBuilder.php(1602): CodeIgniter\Database\BaseConnection->query('SELECT *\nFROM `...', Array, false)
#4 C:\xampp\htdocs\kasir-ci4\app\Models\Modelproduk.php(14): CodeIgniter\Database\BaseBuilder->get()
#5 C:\xampp\htdocs\kasir-ci4\app\Controllers\Produk.php(24): App\Models\Modelproduk->AllData()
#6 C:\xampp\htdocs\kasir-ci4\system\CodeIgniter.php(934): App\Controllers\Produk->index()
#7 C:\xampp\htdocs\kasir-ci4\system\CodeIgniter.php(499): CodeIgniter\CodeIgniter->runController(Object(App\Controllers\Produk))
#8 C:\xampp\htdocs\kasir-ci4\system\CodeIgniter.php(368): CodeIgniter\CodeIgniter->handleRequest(NULL, Object(Config\Cache), false)
#9 C:\xampp\htdocs\kasir-ci4\public\index.php(67): CodeIgniter\CodeIgniter->run()
#10 {main}
CRITICAL - 2023-01-27 08:25:51 --> Unknown column 'produk.id_kategori' in 'on clause'
in SYSTEMPATH\Database\BaseConnection.php on line 645.
 1 SYSTEMPATH\Database\BaseBuilder.php(1602): CodeIgniter\Database\BaseConnection->query('SELECT *
FROM `tb_produk`
JOIN `tb_kategori` ON `tb_kategori`.`id_kategori`=`produk`.`id_kategori`
JOIN `tb_satuan` ON `tb_satuan`.`id_satuan`=`tb_produk`.`id_satuan`', [], false)
 2 APPPATH\Models\Modelproduk.php(14): CodeIgniter\Database\BaseBuilder->get()
 3 APPPATH\Controllers\Produk.php(24): App\Models\Modelproduk->AllData()
 4 SYSTEMPATH\CodeIgniter.php(934): App\Controllers\Produk->index()
 5 SYSTEMPATH\CodeIgniter.php(499): CodeIgniter\CodeIgniter->runController(Object(App\Controllers\Produk))
 6 SYSTEMPATH\CodeIgniter.php(368): CodeIgniter\CodeIgniter->handleRequest(null, Object(Config\Cache), false)
 7 FCPATH\index.php(67): CodeIgniter\CodeIgniter->run()
INFO - 2023-01-27 08:26:12 --> Session: Class initialized using 'CodeIgniter\Session\Handlers\FileHandler' driver.
CRITICAL - 2023-01-27 08:26:12 --> Undefined array key "stock"
in APPPATH\Views\v_produk.php on line 53.
 1 APPPATH\Views\v_produk.php(53): CodeIgniter\Debug\Exceptions->errorHandler(2, 'Undefined array key "stock"', 'APPPATH\\Views\\v_produk.php', 53)
 2 SYSTEMPATH\View\View.php(213): include('APPPATH\\Views\\v_produk.php')
 3 SYSTEMPATH\View\View.php(216): CodeIgniter\View\View->CodeIgniter\View\{closure}()
 4 SYSTEMPATH\Common.php(1177): CodeIgniter\View\View->render('v_produk', [], true)
 5 APPPATH\Views\v_template.php(186): view('v_produk')
 6 SYSTEMPATH\View\View.php(213): include('APPPATH\\Views\\v_template.php')
 7 SYSTEMPATH\View\View.php(216): CodeIgniter\View\View->CodeIgniter\View\{closure}()
 8 SYSTEMPATH\Common.php(1177): CodeIgniter\View\View->render('v_template', [], true)
 9 APPPATH\Controllers\Produk.php(26): view('v_template', [...])
10 SYSTEMPATH\CodeIgniter.php(934): App\Controllers\Produk->index()
11 SYSTEMPATH\CodeIgniter.php(499): CodeIgniter\CodeIgniter->runController(Object(App\Controllers\Produk))
12 SYSTEMPATH\CodeIgniter.php(368): CodeIgniter\CodeIgniter->handleRequest(null, Object(Config\Cache), false)
13 FCPATH\index.php(67): CodeIgniter\CodeIgniter->run()
INFO - 2023-01-27 08:26:28 --> Session: Class initialized using 'CodeIgniter\Session\Handlers\FileHandler' driver.
INFO - 2023-01-27 08:27:01 --> Session: Class initialized using 'CodeIgniter\Session\Handlers\FileHandler' driver.
INFO - 2023-01-27 08:27:29 --> Session: Class initialized using 'CodeIgniter\Session\Handlers\FileHandler' driver.
INFO - 2023-01-27 08:28:54 --> Session: Class initialized using 'CodeIgniter\Session\Handlers\FileHandler' driver.
INFO - 2023-01-27 08:37:39 --> Session: Class initialized using 'CodeIgniter\Session\Handlers\FileHandler' driver.
INFO - 2023-01-27 08:37:57 --> Session: Class initialized using 'CodeIgniter\Session\Handlers\FileHandler' driver.
INFO - 2023-01-27 08:41:28 --> Session: Class initialized using 'CodeIgniter\Session\Handlers\FileHandler' driver.
INFO - 2023-01-27 08:42:39 --> Session: Class initialized using 'CodeIgniter\Session\Handlers\FileHandler' driver.
INFO - 2023-01-27 09:12:35 --> Session: Class initialized using 'CodeIgniter\Session\Handlers\FileHandler' driver.
INFO - 2023-01-27 09:13:13 --> Session: Class initialized using 'CodeIgniter\Session\Handlers\FileHandler' driver.
INFO - 2023-01-27 09:13:48 --> Session: Class initialized using 'CodeIgniter\Session\Handlers\FileHandler' driver.
INFO - 2023-01-27 09:13:48 --> Session: Class initialized using 'CodeIgniter\Session\Handlers\FileHandler' driver.
INFO - 2023-01-27 09:27:30 --> Session: Class initialized using 'CodeIgniter\Session\Handlers\FileHandler' driver.
CRITICAL - 2023-01-27 09:27:30 --> Undefined variable $user
in APPPATH\Views\v_produk.php on line 145.
 1 APPPATH\Views\v_produk.php(145): CodeIgniter\Debug\Exceptions->errorHandler(2, 'Undefined variable $user', 'APPPATH\\Views\\v_produk.php', 145)
 2 SYSTEMPATH\View\View.php(213): include('APPPATH\\Views\\v_produk.php')
 3 SYSTEMPATH\View\View.php(216): CodeIgniter\View\View->CodeIgniter\View\{closure}()
 4 SYSTEMPATH\Common.php(1177): CodeIgniter\View\View->render('v_produk', [], true)
 5 APPPATH\Views\v_template.php(204): view('v_produk')
 6 SYSTEMPATH\View\View.php(213): include('APPPATH\\Views\\v_template.php')
 7 SYSTEMPATH\View\View.php(216): CodeIgniter\View\View->CodeIgniter\View\{closure}()
 8 SYSTEMPATH\Common.php(1177): CodeIgniter\View\View->render('v_template', [], true)
 9 APPPATH\Controllers\Produk.php(33): view('v_template', [...])
10 SYSTEMPATH\CodeIgniter.php(934): App\Controllers\Produk->index()
11 SYSTEMPATH\CodeIgniter.php(499): CodeIgniter\CodeIgniter->runController(Object(App\Controllers\Produk))
12 SYSTEMPATH\CodeIgniter.php(368): CodeIgniter\CodeIgniter->handleRequest(null, Object(Config\Cache), false)
13 FCPATH\index.php(67): CodeIgniter\CodeIgniter->run()
INFO - 2023-01-27 09:27:43 --> Session: Class initialized using 'CodeIgniter\Session\Handlers\FileHandler' driver.
CRITICAL - 2023-01-27 09:27:43 --> Undefined array key "id_satuan"
in APPPATH\Views\v_produk.php on line 178.
 1 APPPATH\Views\v_produk.php(178): CodeIgniter\Debug\Exceptions->errorHandler(2, 'Undefined array key "id_satuan"', 'APPPATH\\Views\\v_produk.php', 178)
 2 SYSTEMPATH\View\View.php(213): include('APPPATH\\Views\\v_produk.php')
 3 SYSTEMPATH\View\View.php(216): CodeIgniter\View\View->CodeIgniter\View\{closure}()
 4 SYSTEMPATH\Common.php(1177): CodeIgniter\View\View->render('v_produk', [], true)
 5 APPPATH\Views\v_template.php(204): view('v_produk')
 6 SYSTEMPATH\View\View.php(213): include('APPPATH\\Views\\v_template.php')
 7 SYSTEMPATH\View\View.php(216): CodeIgniter\View\View->CodeIgniter\View\{closure}()
 8 SYSTEMPATH\Common.php(1177): CodeIgniter\View\View->render('v_template', [], true)
 9 APPPATH\Controllers\Produk.php(33): view('v_template', [...])
10 SYSTEMPATH\CodeIgniter.php(934): App\Controllers\Produk->index()
11 SYSTEMPATH\CodeIgniter.php(499): CodeIgniter\CodeIgniter->runController(Object(App\Controllers\Produk))
12 SYSTEMPATH\CodeIgniter.php(368): CodeIgniter\CodeIgniter->handleRequest(null, Object(Config\Cache), false)
13 FCPATH\index.php(67): CodeIgniter\CodeIgniter->run()
INFO - 2023-01-27 09:28:01 --> Session: Class initialized using 'CodeIgniter\Session\Handlers\FileHandler' driver.
CRITICAL - 2023-01-27 09:28:01 --> Undefined array key "id_satuan"
in APPPATH\Views\v_produk.php on line 178.
 1 APPPATH\Views\v_produk.php(178): CodeIgniter\Debug\Exceptions->errorHandler(2, 'Undefined array key "id_satuan"', 'APPPATH\\Views\\v_produk.php', 178)
 2 SYSTEMPATH\View\View.php(213): include('APPPATH\\Views\\v_produk.php')
 3 SYSTEMPATH\View\View.php(216): CodeIgniter\View\View->CodeIgniter\View\{closure}()
 4 SYSTEMPATH\Common.php(1177): CodeIgniter\View\View->render('v_produk', [], true)
 5 APPPATH\Views\v_template.php(204): view('v_produk')
 6 SYSTEMPATH\View\View.php(213): include('APPPATH\\Views\\v_template.php')
 7 SYSTEMPATH\View\View.php(216): CodeIgniter\View\View->CodeIgniter\View\{closure}()
 8 SYSTEMPATH\Common.php(1177): CodeIgniter\View\View->render('v_template', [], true)
 9 APPPATH\Controllers\Produk.php(33): view('v_template', [...])
10 SYSTEMPATH\CodeIgniter.php(934): App\Controllers\Produk->index()
11 SYSTEMPATH\CodeIgniter.php(499): CodeIgniter\CodeIgniter->runController(Object(App\Controllers\Produk))
12 SYSTEMPATH\CodeIgniter.php(368): CodeIgniter\CodeIgniter->handleRequest(null, Object(Config\Cache), false)
13 FCPATH\index.php(67): CodeIgniter\CodeIgniter->run()
INFO - 2023-01-27 09:28:24 --> Session: Class initialized using 'CodeIgniter\Session\Handlers\FileHandler' driver.
CRITICAL - 2023-01-27 09:28:24 --> Undefined array key "harga_beli"
in APPPATH\Views\v_produk.php on line 186.
 1 APPPATH\Views\v_produk.php(186): CodeIgniter\Debug\Exceptions->errorHandler(2, 'Undefined array key "harga_beli"', 'APPPATH\\Views\\v_produk.php', 186)
 2 SYSTEMPATH\View\View.php(213): include('APPPATH\\Views\\v_produk.php')
 3 SYSTEMPATH\View\View.php(216): CodeIgniter\View\View->CodeIgniter\View\{closure}()
 4 SYSTEMPATH\Common.php(1177): CodeIgniter\View\View->render('v_produk', [], true)
 5 APPPATH\Views\v_template.php(204): view('v_produk')
 6 SYSTEMPATH\View\View.php(213): include('APPPATH\\Views\\v_template.php')
 7 SYSTEMPATH\View\View.php(216): CodeIgniter\View\View->CodeIgniter\View\{closure}()
 8 SYSTEMPATH\Common.php(1177): CodeIgniter\View\View->render('v_template', [], true)
 9 APPPATH\Controllers\Produk.php(33): view('v_template', [...])
10 SYSTEMPATH\CodeIgniter.php(934): App\Controllers\Produk->index()
11 SYSTEMPATH\CodeIgniter.php(499): CodeIgniter\CodeIgniter->runController(Object(App\Controllers\Produk))
12 SYSTEMPATH\CodeIgniter.php(368): CodeIgniter\CodeIgniter->handleRequest(null, Object(Config\Cache), false)
13 FCPATH\index.php(67): CodeIgniter\CodeIgniter->run()
INFO - 2023-01-27 09:28:54 --> Session: Class initialized using 'CodeIgniter\Session\Handlers\FileHandler' driver.
CRITICAL - 2023-01-27 09:28:54 --> Undefined array key "harga_beli"
in APPPATH\Views\v_produk.php on line 186.
 1 APPPATH\Views\v_produk.php(186): CodeIgniter\Debug\Exceptions->errorHandler(2, 'Undefined array key "harga_beli"', 'APPPATH\\Views\\v_produk.php', 186)
 2 SYSTEMPATH\View\View.php(213): include('APPPATH\\Views\\v_produk.php')
 3 SYSTEMPATH\View\View.php(216): CodeIgniter\View\View->CodeIgniter\View\{closure}()
 4 SYSTEMPATH\Common.php(1177): CodeIgniter\View\View->render('v_produk', [], true)
 5 APPPATH\Views\v_template.php(204): view('v_produk')
 6 SYSTEMPATH\View\View.php(213): include('APPPATH\\Views\\v_template.php')
 7 SYSTEMPATH\View\View.php(216): CodeIgniter\View\View->CodeIgniter\View\{closure}()
 8 SYSTEMPATH\Common.php(1177): CodeIgniter\View\View->render('v_template', [], true)
 9 APPPATH\Controllers\Produk.php(33): view('v_template', [...])
10 SYSTEMPATH\CodeIgniter.php(934): App\Controllers\Produk->index()
11 SYSTEMPATH\CodeIgniter.php(499): CodeIgniter\CodeIgniter->runController(Object(App\Controllers\Produk))
12 SYSTEMPATH\CodeIgniter.php(368): CodeIgniter\CodeIgniter->handleRequest(null, Object(Config\Cache), false)
13 FCPATH\index.php(67): CodeIgniter\CodeIgniter->run()
INFO - 2023-01-27 09:29:08 --> Session: Class initialized using 'CodeIgniter\Session\Handlers\FileHandler' driver.
INFO - 2023-01-27 09:29:42 --> Session: Class initialized using 'CodeIgniter\Session\Handlers\FileHandler' driver.
INFO - 2023-01-27 09:31:01 --> Session: Class initialized using 'CodeIgniter\Session\Handlers\FileHandler' driver.
INFO - 2023-01-27 09:33:36 --> Session: Class initialized using 'CodeIgniter\Session\Handlers\FileHandler' driver.
INFO - 2023-01-27 09:35:30 --> Session: Class initialized using 'CodeIgniter\Session\Handlers\FileHandler' driver.
INFO - 2023-01-27 09:46:13 --> Session: Class initialized using 'CodeIgniter\Session\Handlers\FileHandler' driver.
